<?xml version="1.0" encoding="UTF-8"?>
<coverage generated="1777316935069" clover="3.2.0">
  <project timestamp="1777316935069" name="All files">
    <metrics statements="42" coveredstatements="38" conditionals="31" coveredconditionals="26" methods="4" coveredmethods="4" elements="77" coveredelements="68" complexity="0" loc="42" ncloc="42" packages="1" files="1" classes="1"/>
    <file name="bomAnalyzer.ts" path="/Users/eranhakun/Downloads/bridgeops-engineering-main/utils/bomAnalyzer.ts">
      <metrics statements="42" coveredstatements="38" conditionals="31" coveredconditionals="26" methods="4" coveredmethods="4"/>
      <line num="1" count="1" type="stmt"/>
      <line num="23" count="1" type="stmt"/>
      <line num="24" count="8" type="stmt"/>
      <line num="25" count="8" type="stmt"/>
      <line num="26" count="8" type="stmt"/>
      <line num="29" count="8" type="stmt"/>
      <line num="30" count="8" type="cond" truecount="1" falsecount="1"/>
      <line num="31" count="0" type="stmt"/>
      <line num="34" count="8" type="stmt"/>
      <line num="35" count="8" type="stmt"/>
      <line num="37" count="8" type="cond" truecount="1" falsecount="1"/>
      <line num="38" count="0" type="stmt"/>
      <line num="42" count="8" type="stmt"/>
      <line num="43" count="8" type="cond" truecount="4" falsecount="0"/>
      <line num="44" count="2" type="stmt"/>
      <line num="48" count="6" type="stmt"/>
      <line num="49" count="6" type="stmt"/>
      <line num="50" count="8" type="stmt"/>
      <line num="53" count="8" type="cond" truecount="6" falsecount="1"/>
      <line num="54" count="0" type="stmt"/>
      <line num="57" count="8" type="cond" truecount="1" falsecount="1"/>
      <line num="58" count="8" type="cond" truecount="2" falsecount="0"/>
      <line num="61" count="8" type="cond" truecount="4" falsecount="0"/>
      <line num="62" count="1" type="stmt"/>
      <line num="65" count="7" type="stmt"/>
      <line num="72" count="5" type="cond" truecount="2" falsecount="0"/>
      <line num="73" count="1" type="stmt"/>
      <line num="76" count="4" type="stmt"/>
      <line num="78" count="4" type="cond" truecount="1" falsecount="1"/>
      <line num="79" count="4" type="stmt"/>
      <line num="81" count="0" type="stmt"/>
      <line num="90" count="1" type="stmt"/>
      <line num="91" count="5" type="stmt"/>
      <line num="92" count="5" type="stmt"/>
      <line num="94" count="5" type="stmt"/>
      <line num="96" count="8" type="cond" truecount="2" falsecount="0"/>
      <line num="99" count="8" type="cond" truecount="2" falsecount="0"/>
      <line num="100" count="4" type="stmt"/>
      <line num="105" count="4" type="stmt"/>
      <line num="109" count="5" type="stmt"/>
      <line num="119" count="13" type="stmt"/>
      <line num="120" count="13" type="stmt"/>
    </file>
  </project>
</coverage>
