{"/Users/eranhakun/Downloads/bridgeops-engineering-main/utils/bomAnalyzer.ts": {"path":"/Users/eranhakun/Downloads/bridgeops-engineering-main/utils/bomAnalyzer.ts","statementMap":{"0":{"start":{"line":23,"column":0},"end":{"line":23,"column":7}},"1":{"start":{"line":90,"column":0},"end":{"line":90,"column":16}},"2":{"start":{"line":1,"column":0},"end":{"line":1,"column":29}},"3":{"start":{"line":24,"column":2},"end":{"line":82,"column":3}},"4":{"start":{"line":25,"column":24},"end":{"line":25,"column":48}},"5":{"start":{"line":26,"column":21},"end":{"line":26,"column":78}},"6":{"start":{"line":29,"column":22},"end":{"line":29,"column":44}},"7":{"start":{"line":30,"column":4},"end":{"line":32,"column":5}},"8":{"start":{"line":31,"column":6},"end":{"line":31,"column":49}},"9":{"start":{"line":34,"column":22},"end":{"line":34,"column":48}},"10":{"start":{"line":35,"column":17},"end":{"line":35,"column":122}},"11":{"start":{"line":37,"column":4},"end":{"line":39,"column":5}},"12":{"start":{"line":38,"column":6},"end":{"line":38,"column":68}},"13":{"start":{"line":42,"column":22},"end":{"line":42,"column":29}},"14":{"start":{"line":43,"column":4},"end":{"line":45,"column":5}},"15":{"start":{"line":44,"column":6},"end":{"line":44,"column":91}},"16":{"start":{"line":48,"column":30},"end":{"line":48,"column":32}},"17":{"start":{"line":49,"column":4},"end":{"line":70,"column":5}},"18":{"start":{"line":49,"column":17},"end":{"line":49,"column":18}},"19":{"start":{"line":50,"column":18},"end":{"line":50,"column":25}},"20":{"start":{"line":53,"column":6},"end":{"line":55,"column":7}},"21":{"start":{"line":53,"column":57},"end":{"line":53,"column":92}},"22":{"start":{"line":54,"column":8},"end":{"line":54,"column":17}},"23":{"start":{"line":57,"column":27},"end":{"line":57,"column":68}},"24":{"start":{"line":58,"column":25},"end":{"line":58,"column":66}},"25":{"start":{"line":61,"column":6},"end":{"line":63,"column":7}},"26":{"start":{"line":62,"column":8},"end":{"line":62,"column":93}},"27":{"start":{"line":65,"column":6},"end":{"line":69,"column":9}},"28":{"start":{"line":72,"column":4},"end":{"line":74,"column":5}},"29":{"start":{"line":73,"column":6},"end":{"line":73,"column":68}},"30":{"start":{"line":76,"column":4},"end":{"line":76,"column":19}},"31":{"start":{"line":78,"column":4},"end":{"line":80,"column":5}},"32":{"start":{"line":79,"column":6},"end":{"line":79,"column":18}},"33":{"start":{"line":81,"column":4},"end":{"line":81,"column":44}},"34":{"start":{"line":91,"column":26},"end":{"line":91,"column":28}},"35":{"start":{"line":92,"column":62},"end":{"line":92,"column":64}},"36":{"start":{"line":94,"column":2},"end":{"line":107,"column":3}},"37":{"start":{"line":96,"column":6},"end":{"line":97,"column":42}},"38":{"start":{"line":99,"column":4},"end":{"line":106,"column":5}},"39":{"start":{"line":100,"column":6},"end":{"line":103,"column":9}},"40":{"start":{"line":105,"column":6},"end":{"line":105,"column":22}},"41":{"start":{"line":109,"column":2},"end":{"line":109,"column":27}},"42":{"start":{"line":119,"column":27},"end":{"line":119,"column":45}},"43":{"start":{"line":120,"column":2},"end":{"line":120,"column":37}}},"fnMap":{"0":{"name":"parseBomsFromXlsx","decl":{"start":{"line":23,"column":22},"end":{"line":23,"column":39}},"loc":{"start":{"line":23,"column":50},"end":{"line":83,"column":1}}},"1":{"name":"(anonymous_10)","decl":{"start":{"line":53,"column":49},"end":{"line":53,"column":53}},"loc":{"start":{"line":53,"column":57},"end":{"line":53,"column":92}}},"2":{"name":"validateBomRows","decl":{"start":{"line":90,"column":16},"end":{"line":90,"column":31}},"loc":{"start":{"line":90,"column":46},"end":{"line":110,"column":1}}},"3":{"name":"hasControlCharacters","decl":{"start":{"line":117,"column":9},"end":{"line":117,"column":29}},"loc":{"start":{"line":117,"column":42},"end":{"line":121,"column":1}}}},"branchMap":{"0":{"loc":{"start":{"line":30,"column":4},"end":{"line":32,"column":5}},"type":"if","locations":[{"start":{"line":30,"column":4},"end":{"line":32,"column":5}},{"start":{},"end":{}}]},"1":{"loc":{"start":{"line":37,"column":4},"end":{"line":39,"column":5}},"type":"if","locations":[{"start":{"line":37,"column":4},"end":{"line":39,"column":5}},{"start":{},"end":{}}]},"2":{"loc":{"start":{"line":43,"column":4},"end":{"line":45,"column":5}},"type":"if","locations":[{"start":{"line":43,"column":4},"end":{"line":45,"column":5}},{"start":{},"end":{}}]},"3":{"loc":{"start":{"line":43,"column":8},"end":{"line":43,"column":44}},"type":"binary-expr","locations":[{"start":{"line":43,"column":8},"end":{"line":43,"column":18}},{"start":{"line":43,"column":22},"end":{"line":43,"column":44}}]},"4":{"loc":{"start":{"line":53,"column":6},"end":{"line":55,"column":7}},"type":"if","locations":[{"start":{"line":53,"column":6},"end":{"line":55,"column":7}},{"start":{},"end":{}}]},"5":{"loc":{"start":{"line":53,"column":10},"end":{"line":53,"column":94}},"type":"binary-expr","locations":[{"start":{"line":53,"column":10},"end":{"line":53,"column":14}},{"start":{"line":53,"column":18},"end":{"line":53,"column":34}},{"start":{"line":53,"column":39},"end":{"line":53,"column":93}}]},"6":{"loc":{"start":{"line":53,"column":57},"end":{"line":53,"column":92}},"type":"binary-expr","locations":[{"start":{"line":53,"column":57},"end":{"line":53,"column":62}},{"start":{"line":53,"column":66},"end":{"line":53,"column":92}}]},"7":{"loc":{"start":{"line":57,"column":34},"end":{"line":57,"column":46}},"type":"binary-expr","locations":[{"start":{"line":57,"column":34},"end":{"line":57,"column":40}},{"start":{"line":57,"column":44},"end":{"line":57,"column":46}}]},"8":{"loc":{"start":{"line":58,"column":32},"end":{"line":58,"column":44}},"type":"binary-expr","locations":[{"start":{"line":58,"column":32},"end":{"line":58,"column":38}},{"start":{"line":58,"column":42},"end":{"line":58,"column":44}}]},"9":{"loc":{"start":{"line":61,"column":6},"end":{"line":63,"column":7}},"type":"if","locations":[{"start":{"line":61,"column":6},"end":{"line":63,"column":7}},{"start":{},"end":{}}]},"10":{"loc":{"start":{"line":61,"column":10},"end":{"line":61,"column":38}},"type":"binary-expr","locations":[{"start":{"line":61,"column":10},"end":{"line":61,"column":23}},{"start":{"line":61,"column":27},"end":{"line":61,"column":38}}]},"11":{"loc":{"start":{"line":72,"column":4},"end":{"line":74,"column":5}},"type":"if","locations":[{"start":{"line":72,"column":4},"end":{"line":74,"column":5}},{"start":{},"end":{}}]},"12":{"loc":{"start":{"line":78,"column":4},"end":{"line":80,"column":5}},"type":"if","locations":[{"start":{"line":78,"column":4},"end":{"line":80,"column":5}},{"start":{},"end":{}}]},"13":{"loc":{"start":{"line":96,"column":6},"end":{"line":97,"column":42}},"type":"binary-expr","locations":[{"start":{"line":96,"column":6},"end":{"line":96,"column":44}},{"start":{"line":97,"column":6},"end":{"line":97,"column":42}}]},"14":{"loc":{"start":{"line":99,"column":4},"end":{"line":106,"column":5}},"type":"if","locations":[{"start":{"line":99,"column":4},"end":{"line":106,"column":5}},{"start":{"line":104,"column":11},"end":{"line":106,"column":5}}]}},"s":{"0":1,"1":1,"2":1,"3":8,"4":8,"5":8,"6":8,"7":8,"8":0,"9":8,"10":8,"11":8,"12":0,"13":8,"14":8,"15":2,"16":6,"17":6,"18":6,"19":8,"20":8,"21":8,"22":0,"23":8,"24":8,"25":8,"26":1,"27":7,"28":5,"29":1,"30":4,"31":4,"32":4,"33":0,"34":5,"35":5,"36":5,"37":8,"38":8,"39":4,"40":4,"41":5,"42":13,"43":13},"f":{"0":8,"1":8,"2":5,"3":13},"b":{"0":[0,8],"1":[0,8],"2":[2,6],"3":[8,8],"4":[0,8],"5":[8,8,8],"6":[8,8],"7":[8,0],"8":[8,1],"9":[1,7],"10":[8,8],"11":[1,4],"12":[4,0],"13":[8,5],"14":[4,4]}}
}
