TN:
SF:utils/bomAnalyzer.ts
FN:23,parseBomsFromXlsx
FN:53,(anonymous_10)
FN:90,validateBomRows
FN:117,hasControlCharacters
FNF:4
FNH:4
FNDA:8,parseBomsFromXlsx
FNDA:8,(anonymous_10)
FNDA:5,validateBomRows
FNDA:13,hasControlCharacters
DA:1,1
DA:23,1
DA:24,8
DA:25,8
DA:26,8
DA:29,8
DA:30,8
DA:31,0
DA:34,8
DA:35,8
DA:37,8
DA:38,0
DA:42,8
DA:43,8
DA:44,2
DA:48,6
DA:49,6
DA:50,8
DA:53,8
DA:54,0
DA:57,8
DA:58,8
DA:61,8
DA:62,1
DA:65,7
DA:72,5
DA:73,1
DA:76,4
DA:78,4
DA:79,4
DA:81,0
DA:90,1
DA:91,5
DA:92,5
DA:94,5
DA:96,8
DA:99,8
DA:100,4
DA:105,4
DA:109,5
DA:119,13
DA:120,13
LF:42
LH:38
BRDA:30,0,0,0
BRDA:30,0,1,8
BRDA:37,1,0,0
BRDA:37,1,1,8
BRDA:43,2,0,2
BRDA:43,2,1,6
BRDA:43,3,0,8
BRDA:43,3,1,8
BRDA:53,4,0,0
BRDA:53,4,1,8
BRDA:53,5,0,8
BRDA:53,5,1,8
BRDA:53,5,2,8
BRDA:53,6,0,8
BRDA:53,6,1,8
BRDA:57,7,0,8
BRDA:57,7,1,0
BRDA:58,8,0,8
BRDA:58,8,1,1
BRDA:61,9,0,1
BRDA:61,9,1,7
BRDA:61,10,0,8
BRDA:61,10,1,8
BRDA:72,11,0,1
BRDA:72,11,1,4
BRDA:78,12,0,4
BRDA:78,12,1,0
BRDA:96,13,0,8
BRDA:96,13,1,5
BRDA:99,14,0,4
BRDA:99,14,1,4
BRF:31
BRH:26
end_of_record
